[1.149s] Invoking command in '/home/val/ros2_ws/build/in426_motion': PYTHONPATH=/home/val/ros2_ws/build/in426_motion/prefix_override:/usr/lib/python3/dist-packages/colcon_core/task/python/colcon_distutils_commands:/home/val/ros2_ws/install/in426_motion/lib/python3.8/site-packages:${PYTHONPATH} /usr/bin/python3 -W ignore:setup.py install is deprecated -W ignore:easy_install command is deprecated setup.py develop --editable --build-directory /home/val/ros2_ws/build/in426_motion/build --no-deps symlink_data
[1.536s] running develop
[1.752s] running egg_info
[1.753s] creating in426_motion.egg-info
[1.753s] writing in426_motion.egg-info/PKG-INFO
[1.753s] writing dependency_links to in426_motion.egg-info/dependency_links.txt
[1.753s] writing entry points to in426_motion.egg-info/entry_points.txt
[1.754s] writing requirements to in426_motion.egg-info/requires.txt
[1.754s] writing top-level names to in426_motion.egg-info/top_level.txt
[1.760s] writing manifest file 'in426_motion.egg-info/SOURCES.txt'
[1.820s] reading manifest file 'in426_motion.egg-info/SOURCES.txt'
[1.820s] writing manifest file 'in426_motion.egg-info/SOURCES.txt'
[1.886s] running build_ext
[1.888s] Creating /home/val/ros2_ws/install/in426_motion/lib/python3.8/site-packages/site.py
[1.893s] Creating /home/val/ros2_ws/install/in426_motion/lib/python3.8/site-packages/in426-motion.egg-link (link to .)
[1.896s] Installing ik_1.py script to /home/val/ros2_ws/install/in426_motion/lib/in426_motion
[1.897s] Installing motion_robot_2.py script to /home/val/ros2_ws/install/in426_motion/lib/in426_motion
[1.897s] Installing send_goal_test.py script to /home/val/ros2_ws/install/in426_motion/lib/in426_motion
[1.897s] 
[1.897s] Installed /home/val/ros2_ws/build/in426_motion
[1.897s] running symlink_data
[1.897s] creating /home/val/ros2_ws/install/in426_motion/share/ament_index
[1.897s] creating /home/val/ros2_ws/install/in426_motion/share/ament_index/resource_index
[1.897s] creating /home/val/ros2_ws/install/in426_motion/share/ament_index/resource_index/packages
[1.898s] symbolically linking /home/val/ros2_ws/build/in426_motion/resource/in426_motion -> /home/val/ros2_ws/install/in426_motion/share/ament_index/resource_index/packages
[1.899s] symbolically linking /home/val/ros2_ws/build/in426_motion/package.xml -> /home/val/ros2_ws/install/in426_motion/share/in426_motion
[1.899s] symbolically linking /home/val/ros2_ws/build/in426_motion/launch/motion_robot_2_launch.py -> /home/val/ros2_ws/install/in426_motion/share/in426_motion
[1.901s] symbolically linking /home/val/ros2_ws/build/in426_motion/launch/ik_1_launch.py -> /home/val/ros2_ws/install/in426_motion/share/in426_motion
[1.994s] Invoked command in '/home/val/ros2_ws/build/in426_motion' returned '0': PYTHONPATH=/home/val/ros2_ws/build/in426_motion/prefix_override:/usr/lib/python3/dist-packages/colcon_core/task/python/colcon_distutils_commands:/home/val/ros2_ws/install/in426_motion/lib/python3.8/site-packages:${PYTHONPATH} /usr/bin/python3 -W ignore:setup.py install is deprecated -W ignore:easy_install command is deprecated setup.py develop --editable --build-directory /home/val/ros2_ws/build/in426_motion/build --no-deps symlink_data
