[0.494s] DEBUG:colcon:Command line arguments: ['/usr/bin/colcon', 'list', '-p', '--base-paths', '/home/val/ros2_ws']
[0.494s] DEBUG:colcon:Parsed command line arguments: Namespace(allow_overriding=[], base_paths=['/home/val/ros2_ws'], build_base='build', ignore_user_meta=False, log_base=None, log_level=None, main=<bound method ListVerb.main of <colcon_package_information.verb.list.ListVerb object at 0x7fa9cfa29520>>, metas=['./colcon.meta'], names_only=False, packages_above=None, packages_above_and_dependencies=None, packages_above_depth=None, packages_end=None, packages_ignore=None, packages_ignore_regex=None, packages_select=None, packages_select_build_failed=False, packages_select_by_dep=None, packages_select_regex=None, packages_select_test_failures=False, packages_skip=None, packages_skip_build_finished=False, packages_skip_by_dep=None, packages_skip_regex=None, packages_skip_test_passed=False, packages_skip_up_to=None, packages_start=None, packages_up_to=None, packages_up_to_regex=None, paths=None, paths_only=True, topological_graph=False, topological_graph_density=False, topological_graph_dot=False, topological_graph_dot_cluster=False, topological_graph_dot_include_skipped=False, topological_graph_legend=False, topological_order=False, verb_extension=<colcon_package_information.verb.list.ListVerb object at 0x7fa9cfa29520>, verb_name='list', verb_parser=<colcon_defaults.argument_parser.defaults.DefaultArgumentsDecorator object at 0x7fa9cf866520>)
[0.978s] Level 1:colcon.colcon_core.package_discovery:discover_packages(colcon_meta) check parameters
[0.978s] Level 1:colcon.colcon_core.package_discovery:discover_packages(recursive) check parameters
[0.978s] Level 1:colcon.colcon_core.package_discovery:discover_packages(ignore) check parameters
[0.978s] Level 1:colcon.colcon_core.package_discovery:discover_packages(path) check parameters
[0.978s] Level 1:colcon.colcon_core.package_discovery:discover_packages(recursive) discover
[0.979s] INFO:colcon.colcon_core.package_discovery:Crawling recursively for packages in '/home/val/ros2_ws'
[0.979s] Level 1:colcon.colcon_core.package_identification:_identify(/home/val/ros2_ws) by extensions ['ignore', 'ignore_ament_install']
[0.979s] Level 1:colcon.colcon_core.package_identification:_identify(/home/val/ros2_ws) by extension 'ignore'
[0.979s] Level 1:colcon.colcon_core.package_identification:_identify(/home/val/ros2_ws) by extension 'ignore_ament_install'
[0.979s] Level 1:colcon.colcon_core.package_identification:_identify(/home/val/ros2_ws) by extensions ['colcon_pkg']
[0.979s] Level 1:colcon.colcon_core.package_identification:_identify(/home/val/ros2_ws) by extension 'colcon_pkg'
[0.979s] Level 1:colcon.colcon_core.package_identification:_identify(/home/val/ros2_ws) by extensions ['colcon_meta']
[0.979s] Level 1:colcon.colcon_core.package_identification:_identify(/home/val/ros2_ws) by extension 'colcon_meta'
[0.979s] Level 1:colcon.colcon_core.package_identification:_identify(/home/val/ros2_ws) by extensions ['ros']
[0.980s] Level 1:colcon.colcon_core.package_identification:_identify(/home/val/ros2_ws) by extension 'ros'
[1.010s] Level 1:colcon.colcon_core.package_identification:_identify(/home/val/ros2_ws) by extensions ['cmake', 'python']
[1.010s] Level 1:colcon.colcon_core.package_identification:_identify(/home/val/ros2_ws) by extension 'cmake'
[1.010s] Level 1:colcon.colcon_core.package_identification:_identify(/home/val/ros2_ws) by extension 'python'
[1.010s] Level 1:colcon.colcon_core.package_identification:_identify(/home/val/ros2_ws) by extensions ['python_setup_py']
[1.010s] Level 1:colcon.colcon_core.package_identification:_identify(/home/val/ros2_ws) by extension 'python_setup_py'
[1.010s] Level 1:colcon.colcon_core.package_identification:_identify(/home/val/ros2_ws/build) by extensions ['ignore', 'ignore_ament_install']
[1.011s] Level 1:colcon.colcon_core.package_identification:_identify(/home/val/ros2_ws/build) by extension 'ignore'
[1.011s] Level 1:colcon.colcon_core.package_identification:_identify(/home/val/ros2_ws/build) ignored
[1.011s] Level 1:colcon.colcon_core.package_identification:_identify(/home/val/ros2_ws/install) by extensions ['ignore', 'ignore_ament_install']
[1.011s] Level 1:colcon.colcon_core.package_identification:_identify(/home/val/ros2_ws/install) by extension 'ignore'
[1.011s] Level 1:colcon.colcon_core.package_identification:_identify(/home/val/ros2_ws/install) ignored
[1.011s] Level 1:colcon.colcon_core.package_identification:_identify(/home/val/ros2_ws/log) by extensions ['ignore', 'ignore_ament_install']
[1.012s] Level 1:colcon.colcon_core.package_identification:_identify(/home/val/ros2_ws/log) by extension 'ignore'
[1.012s] Level 1:colcon.colcon_core.package_identification:_identify(/home/val/ros2_ws/log) ignored
[1.012s] Level 1:colcon.colcon_core.package_identification:_identify(/home/val/ros2_ws/src) by extensions ['ignore', 'ignore_ament_install']
[1.012s] Level 1:colcon.colcon_core.package_identification:_identify(/home/val/ros2_ws/src) by extension 'ignore'
[1.012s] Level 1:colcon.colcon_core.package_identification:_identify(/home/val/ros2_ws/src) by extension 'ignore_ament_install'
[1.012s] Level 1:colcon.colcon_core.package_identification:_identify(/home/val/ros2_ws/src) by extensions ['colcon_pkg']
[1.012s] Level 1:colcon.colcon_core.package_identification:_identify(/home/val/ros2_ws/src) by extension 'colcon_pkg'
[1.012s] Level 1:colcon.colcon_core.package_identification:_identify(/home/val/ros2_ws/src) by extensions ['colcon_meta']
[1.012s] Level 1:colcon.colcon_core.package_identification:_identify(/home/val/ros2_ws/src) by extension 'colcon_meta'
[1.012s] Level 1:colcon.colcon_core.package_identification:_identify(/home/val/ros2_ws/src) by extensions ['ros']
[1.012s] Level 1:colcon.colcon_core.package_identification:_identify(/home/val/ros2_ws/src) by extension 'ros'
[1.013s] Level 1:colcon.colcon_core.package_identification:_identify(/home/val/ros2_ws/src) by extensions ['cmake', 'python']
[1.013s] Level 1:colcon.colcon_core.package_identification:_identify(/home/val/ros2_ws/src) by extension 'cmake'
[1.013s] Level 1:colcon.colcon_core.package_identification:_identify(/home/val/ros2_ws/src) by extension 'python'
[1.013s] Level 1:colcon.colcon_core.package_identification:_identify(/home/val/ros2_ws/src) by extensions ['python_setup_py']
[1.013s] Level 1:colcon.colcon_core.package_identification:_identify(/home/val/ros2_ws/src) by extension 'python_setup_py'
[1.013s] Level 1:colcon.colcon_core.package_identification:_identify(/home/val/ros2_ws/src/IN426) by extensions ['ignore', 'ignore_ament_install']
[1.013s] Level 1:colcon.colcon_core.package_identification:_identify(/home/val/ros2_ws/src/IN426) by extension 'ignore'
[1.013s] Level 1:colcon.colcon_core.package_identification:_identify(/home/val/ros2_ws/src/IN426) by extension 'ignore_ament_install'
[1.014s] Level 1:colcon.colcon_core.package_identification:_identify(/home/val/ros2_ws/src/IN426) by extensions ['colcon_pkg']
[1.014s] Level 1:colcon.colcon_core.package_identification:_identify(/home/val/ros2_ws/src/IN426) by extension 'colcon_pkg'
[1.014s] Level 1:colcon.colcon_core.package_identification:_identify(/home/val/ros2_ws/src/IN426) by extensions ['colcon_meta']
[1.014s] Level 1:colcon.colcon_core.package_identification:_identify(/home/val/ros2_ws/src/IN426) by extension 'colcon_meta'
[1.014s] Level 1:colcon.colcon_core.package_identification:_identify(/home/val/ros2_ws/src/IN426) by extensions ['ros']
[1.014s] Level 1:colcon.colcon_core.package_identification:_identify(/home/val/ros2_ws/src/IN426) by extension 'ros'
[1.014s] Level 1:colcon.colcon_core.package_identification:_identify(/home/val/ros2_ws/src/IN426) by extensions ['cmake', 'python']
[1.014s] Level 1:colcon.colcon_core.package_identification:_identify(/home/val/ros2_ws/src/IN426) by extension 'cmake'
[1.014s] Level 1:colcon.colcon_core.package_identification:_identify(/home/val/ros2_ws/src/IN426) by extension 'python'
[1.014s] Level 1:colcon.colcon_core.package_identification:_identify(/home/val/ros2_ws/src/IN426) by extensions ['python_setup_py']
[1.014s] Level 1:colcon.colcon_core.package_identification:_identify(/home/val/ros2_ws/src/IN426) by extension 'python_setup_py'
[1.014s] Level 1:colcon.colcon_core.package_identification:_identify(/home/val/ros2_ws/src/IN426/in426_desc) by extensions ['ignore', 'ignore_ament_install']
[1.015s] Level 1:colcon.colcon_core.package_identification:_identify(/home/val/ros2_ws/src/IN426/in426_desc) by extension 'ignore'
[1.015s] Level 1:colcon.colcon_core.package_identification:_identify(/home/val/ros2_ws/src/IN426/in426_desc) by extension 'ignore_ament_install'
[1.015s] Level 1:colcon.colcon_core.package_identification:_identify(/home/val/ros2_ws/src/IN426/in426_desc) by extensions ['colcon_pkg']
[1.015s] Level 1:colcon.colcon_core.package_identification:_identify(/home/val/ros2_ws/src/IN426/in426_desc) by extension 'colcon_pkg'
[1.015s] Level 1:colcon.colcon_core.package_identification:_identify(/home/val/ros2_ws/src/IN426/in426_desc) by extensions ['colcon_meta']
[1.015s] Level 1:colcon.colcon_core.package_identification:_identify(/home/val/ros2_ws/src/IN426/in426_desc) by extension 'colcon_meta'
[1.015s] Level 1:colcon.colcon_core.package_identification:_identify(/home/val/ros2_ws/src/IN426/in426_desc) by extensions ['ros']
[1.015s] Level 1:colcon.colcon_core.package_identification:_identify(/home/val/ros2_ws/src/IN426/in426_desc) by extension 'ros'
[1.020s] DEBUG:colcon.colcon_core.package_identification:Package '/home/val/ros2_ws/src/IN426/in426_desc' with type 'ros.ament_cmake' and name 'in426_desc'
[1.021s] Level 1:colcon.colcon_core.package_identification:_identify(/home/val/ros2_ws/src/IN426/in426_motion) by extensions ['ignore', 'ignore_ament_install']
[1.021s] Level 1:colcon.colcon_core.package_identification:_identify(/home/val/ros2_ws/src/IN426/in426_motion) by extension 'ignore'
[1.021s] Level 1:colcon.colcon_core.package_identification:_identify(/home/val/ros2_ws/src/IN426/in426_motion) by extension 'ignore_ament_install'
[1.021s] Level 1:colcon.colcon_core.package_identification:_identify(/home/val/ros2_ws/src/IN426/in426_motion) by extensions ['colcon_pkg']
[1.021s] Level 1:colcon.colcon_core.package_identification:_identify(/home/val/ros2_ws/src/IN426/in426_motion) by extension 'colcon_pkg'
[1.022s] Level 1:colcon.colcon_core.package_identification:_identify(/home/val/ros2_ws/src/IN426/in426_motion) by extensions ['colcon_meta']
[1.022s] Level 1:colcon.colcon_core.package_identification:_identify(/home/val/ros2_ws/src/IN426/in426_motion) by extension 'colcon_meta'
[1.022s] Level 1:colcon.colcon_core.package_identification:_identify(/home/val/ros2_ws/src/IN426/in426_motion) by extensions ['ros']
[1.023s] Level 1:colcon.colcon_core.package_identification:_identify(/home/val/ros2_ws/src/IN426/in426_motion) by extension 'ros'
[1.024s] DEBUG:colcon.colcon_core.package_identification:Package '/home/val/ros2_ws/src/IN426/in426_motion' with type 'ros.ament_python' and name 'in426_motion'
[1.033s] Level 1:colcon.colcon_core.package_identification:_identify(/home/val/ros2_ws/src/IN426/in426_simu) by extensions ['ignore', 'ignore_ament_install']
[1.035s] Level 1:colcon.colcon_core.package_identification:_identify(/home/val/ros2_ws/src/IN426/in426_simu) by extension 'ignore'
[1.035s] Level 1:colcon.colcon_core.package_identification:_identify(/home/val/ros2_ws/src/IN426/in426_simu) by extension 'ignore_ament_install'
[1.035s] Level 1:colcon.colcon_core.package_identification:_identify(/home/val/ros2_ws/src/IN426/in426_simu) by extensions ['colcon_pkg']
[1.036s] Level 1:colcon.colcon_core.package_identification:_identify(/home/val/ros2_ws/src/IN426/in426_simu) by extension 'colcon_pkg'
[1.036s] Level 1:colcon.colcon_core.package_identification:_identify(/home/val/ros2_ws/src/IN426/in426_simu) by extensions ['colcon_meta']
[1.036s] Level 1:colcon.colcon_core.package_identification:_identify(/home/val/ros2_ws/src/IN426/in426_simu) by extension 'colcon_meta'
[1.036s] Level 1:colcon.colcon_core.package_identification:_identify(/home/val/ros2_ws/src/IN426/in426_simu) by extensions ['ros']
[1.036s] Level 1:colcon.colcon_core.package_identification:_identify(/home/val/ros2_ws/src/IN426/in426_simu) by extension 'ros'
[1.039s] DEBUG:colcon.colcon_core.package_identification:Package '/home/val/ros2_ws/src/IN426/in426_simu' with type 'ros.ament_cmake' and name 'in426_simu'
[1.040s] Level 1:colcon.colcon_core.package_discovery:discover_packages(recursive) using defaults
